<?xml version="1.0" encoding="UTF-8"?>
<testsuite xmlns:xsi="http://www.w3.org/2001/XMLSchema-instance" xsi:noNamespaceSchemaLocation="https://maven.apache.org/surefire/maven-surefire-plugin/xsd/surefire-test-report.xsd" name="org.craftsrecords.rememberme.junit4.rest.BookmarkControllerTest" time="3.291" tests="4" errors="0" skipped="0" failures="0">
  <properties>
[...]
</properties>
  <testcase name="should_respond_200_when_a_search_is_successfully_done" classname="org.craftsrecords.rememberme.junit4.rest.BookmarkControllerTest" time="0.172"/>
  <testcase name="should_respond_409_when_the_bookmark_already_exists" classname="org.craftsrecords.rememberme.junit4.rest.BookmarkControllerTest" time="0.053"/>
  <testcase name="should_respond_400_when_the_request_is_invalid" classname="org.craftsrecords.rememberme.junit4.rest.BookmarkControllerTest" time="0.013"/>
  <testcase name="should_respond_201_when_the_bookmark_is_created" classname="org.craftsrecords.rememberme.junit4.rest.BookmarkControllerTest" time="0.02"/>
</testsuite>