<?xml version="1.0" encoding="UTF-8"?>
<testsuite xmlns:xsi="http://www.w3.org/2001/XMLSchema-instance" xsi:noNamespaceSchemaLocation="https://maven.apache.org/surefire/maven-surefire-plugin/xsd/surefire-test-report.xsd" name="org.craftsrecords.rememberme.bookmark.junit5.BookmarkCreatorTest" time="0.03" tests="3" errors="0" skipped="1" failures="0">
  <properties>
[...]
</properties>
  <testcase name="should_not_be_run" classname="org.craftsrecords.rememberme.bookmark.junit5.BookmarkCreatorTest" time="0">
    <skipped message="Reason why this is not run"/>
  </testcase>
  <testcase name="should_create_the_bookmark" classname="org.craftsrecords.rememberme.bookmark.junit5.BookmarkCreatorTest" time="0.007"/>
  <testcase name="should_return_the_bookmark_after_creating_it" classname="org.craftsrecords.rememberme.bookmark.junit5.BookmarkCreatorTest" time="0.001"/>
</testsuite>